<?xml version="1.0" encoding="UTF-8"?>
<!-- Generated by org.testng.reporters.JUnitXMLReporter -->
<testsuite hostname="DESKTOP-80UPHCR" name="firefoxTest" tests="2" failures="1" timestamp="17 Dec 2019 03:15:30 GMT" time="154.053" errors="0">
  <testcase name="actilogin" time="8.464" classname="scripts.s1"/>
  <testcase name="logoutscript" time="29.73" classname="scripts.s2">
    <failure type="java.lang.AssertionError" message="null">
      <![CDATA[java.lang.AssertionError: null
	at generic.basepage.elementvisibility(basepage.java:38)
	at scripts.s2.logoutscript(s2.java:17)
	at java.util.concurrent.FutureTask.run(Unknown Source)
	at java.util.concurrent.ThreadPoolExecutor.runWorker(Unknown Source)
	at java.util.concurrent.ThreadPoolExecutor$Worker.run(Unknown Source)
	at java.lang.Thread.run(Unknown Source)
... Removed 18 stack frames]]>
    </failure>
  </testcase> <!-- logoutscript -->
</testsuite> <!-- firefoxTest -->
